<?xml version="1.0" encoding="UTF-8"?>
<testsuite xmlns:xsi="http://www.w3.org/2001/XMLSchema-instance" xsi:noNamespaceSchemaLocation="https://maven.apache.org/surefire/maven-surefire-plugin/xsd/surefire-test-report-3.0.xsd" version="3.0" name="TestSuite" time="12.247" tests="3" errors="0" skipped="0" failures="1">
  <properties>
    <property name="sun.desktop" value="windows"/>
    <property name="awt.toolkit" value="sun.awt.windows.WToolkit"/>
    <property name="file.encoding.pkg" value="sun.io"/>
    <property name="java.specification.version" value="1.8"/>
    <property name="webdriver.chrome.driver" value="C:\Users\Vinay\eclipse-workspace\FunctionalTestingZeroBank\src\test\resources\exefiles\chromedriver.exe"/>
    <property name="sun.cpu.isalist" value="amd64"/>
    <property name="sun.jnu.encoding" value="Cp1252"/>
    <property name="java.class.path" value="C:\Users\Vinay\eclipse-workspace\FunctionalTestingZeroBank\target\test-classes;C:\Users\Vinay\eclipse-workspace\FunctionalTestingZeroBank\target\classes;C:\Users\Vinay\.m2\repository\org\testng\testng\6.11\testng-6.11.jar;C:\Users\Vinay\.m2\repository\com\beust\jcommander\1.64\jcommander-1.64.jar;C:\Users\Vinay\.m2\repository\org\yaml\snakeyaml\1.17\snakeyaml-1.17.jar;C:\Users\Vinay\.m2\repository\org\seleniumhq\selenium\selenium-java\2.53.1\selenium-java-2.53.1.jar;C:\Users\Vinay\.m2\repository\org\seleniumhq\selenium\selenium-chrome-driver\2.53.1\selenium-chrome-driver-2.53.1.jar;C:\Users\Vinay\.m2\repository\org\seleniumhq\selenium\selenium-remote-driver\2.53.1\selenium-remote-driver-2.53.1.jar;C:\Users\Vinay\.m2\repository\cglib\cglib-nodep\2.1_3\cglib-nodep-2.1_3.jar;C:\Users\Vinay\.m2\repository\com\google\code\gson\gson\2.3.1\gson-2.3.1.jar;C:\Users\Vinay\.m2\repository\org\seleniumhq\selenium\selenium-api\2.53.1\selenium-api-2.53.1.jar;C:\Users\Vinay\.m2\repository\org\apache\httpcomponents\httpclient\4.5.1\httpclient-4.5.1.jar;C:\Users\Vinay\.m2\repository\org\apache\httpcomponents\httpcore\4.4.3\httpcore-4.4.3.jar;C:\Users\Vinay\.m2\repository\org\seleniumhq\selenium\selenium-edge-driver\2.53.1\selenium-edge-driver-2.53.1.jar;C:\Users\Vinay\.m2\repository\commons-io\commons-io\2.4\commons-io-2.4.jar;C:\Users\Vinay\.m2\repository\org\apache\commons\commons-exec\1.3\commons-exec-1.3.jar;C:\Users\Vinay\.m2\repository\org\seleniumhq\selenium\htmlunit-driver\2.21\htmlunit-driver-2.21.jar;C:\Users\Vinay\.m2\repository\net\sourceforge\htmlunit\htmlunit\2.21\htmlunit-2.21.jar;C:\Users\Vinay\.m2\repository\xalan\xalan\2.7.2\xalan-2.7.2.jar;C:\Users\Vinay\.m2\repository\xalan\serializer\2.7.2\serializer-2.7.2.jar;C:\Users\Vinay\.m2\repository\org\apache\commons\commons-lang3\3.4\commons-lang3-3.4.jar;C:\Users\Vinay\.m2\repository\org\apache\httpcomponents\httpmime\4.5.2\httpmime-4.5.2.jar;C:\Users\Vinay\.m2\repository\commons-codec\commons-codec\1.10\commons-codec-1.10.jar;C:\Users\Vinay\.m2\repository\net\sourceforge\htmlunit\htmlunit-core-js\2.17\htmlunit-core-js-2.17.jar;C:\Users\Vinay\.m2\repository\net\sourceforge\htmlunit\neko-htmlunit\2.21\neko-htmlunit-2.21.jar;C:\Users\Vinay\.m2\repository\xerces\xercesImpl\2.11.0\xercesImpl-2.11.0.jar;C:\Users\Vinay\.m2\repository\xml-apis\xml-apis\1.4.01\xml-apis-1.4.01.jar;C:\Users\Vinay\.m2\repository\net\sourceforge\cssparser\cssparser\0.9.18\cssparser-0.9.18.jar;C:\Users\Vinay\.m2\repository\org\w3c\css\sac\1.3\sac-1.3.jar;C:\Users\Vinay\.m2\repository\org\eclipse\jetty\websocket\websocket-client\9.2.15.v20160210\websocket-client-9.2.15.v20160210.jar;C:\Users\Vinay\.m2\repository\org\eclipse\jetty\jetty-util\9.2.15.v20160210\jetty-util-9.2.15.v20160210.jar;C:\Users\Vinay\.m2\repository\org\eclipse\jetty\jetty-io\9.2.15.v20160210\jetty-io-9.2.15.v20160210.jar;C:\Users\Vinay\.m2\repository\org\eclipse\jetty\websocket\websocket-common\9.2.15.v20160210\websocket-common-9.2.15.v20160210.jar;C:\Users\Vinay\.m2\repository\org\eclipse\jetty\websocket\websocket-api\9.2.15.v20160210\websocket-api-9.2.15.v20160210.jar;C:\Users\Vinay\.m2\repository\commons-collections\commons-collections\3.2.2\commons-collections-3.2.2.jar;C:\Users\Vinay\.m2\repository\org\seleniumhq\selenium\selenium-firefox-driver\2.53.1\selenium-firefox-driver-2.53.1.jar;C:\Users\Vinay\.m2\repository\org\seleniumhq\selenium\selenium-ie-driver\2.53.1\selenium-ie-driver-2.53.1.jar;C:\Users\Vinay\.m2\repository\net\java\dev\jna\jna\4.1.0\jna-4.1.0.jar;C:\Users\Vinay\.m2\repository\net\java\dev\jna\jna-platform\4.1.0\jna-platform-4.1.0.jar;C:\Users\Vinay\.m2\repository\org\seleniumhq\selenium\selenium-safari-driver\2.53.1\selenium-safari-driver-2.53.1.jar;C:\Users\Vinay\.m2\repository\io\netty\netty\3.5.7.Final\netty-3.5.7.Final.jar;C:\Users\Vinay\.m2\repository\org\seleniumhq\selenium\selenium-support\2.53.1\selenium-support-2.53.1.jar;C:\Users\Vinay\.m2\repository\org\seleniumhq\selenium\selenium-leg-rc\2.53.1\selenium-leg-rc-2.53.1.jar;C:\Users\Vinay\.m2\repository\com\relevantcodes\extentreports\2.41.2\extentreports-2.41.2.jar;C:\Users\Vinay\.m2\repository\org\jsoup\jsoup\1.8.3\jsoup-1.8.3.jar;C:\Users\Vinay\.m2\repository\org\xerial\sqlite-jdbc\3.8.11.1\sqlite-jdbc-3.8.11.1.jar;C:\Users\Vinay\.m2\repository\org\freemarker\freemarker\2.3.23\freemarker-2.3.23.jar;C:\Users\Vinay\.m2\repository\org\mongodb\mongodb-driver\3.0.4\mongodb-driver-3.0.4.jar;C:\Users\Vinay\.m2\repository\org\mongodb\bson\3.0.4\bson-3.0.4.jar;C:\Users\Vinay\.m2\repository\org\mongodb\mongodb-driver-core\3.0.4\mongodb-driver-core-3.0.4.jar;C:\Users\Vinay\.m2\repository\org\uncommons\reportng\1.1.4\reportng-1.1.4.jar;C:\Users\Vinay\.m2\repository\velocity\velocity\1.4\velocity-1.4.jar;C:\Users\Vinay\.m2\repository\velocity\velocity-dep\1.4\velocity-dep-1.4.jar;C:\Users\Vinay\.m2\repository\com\google\inject\guice\4.1.0\guice-4.1.0.jar;C:\Users\Vinay\.m2\repository\javax\inject\javax.inject\1\javax.inject-1.jar;C:\Users\Vinay\.m2\repository\aopalliance\aopalliance\1.0\aopalliance-1.0.jar;C:\Users\Vinay\.m2\repository\com\google\guava\guava\19.0\guava-19.0.jar;C:\Users\Vinay\.m2\repository\org\apache\logging\log4j\log4j-api\2.14.0\log4j-api-2.14.0.jar;C:\Users\Vinay\.m2\repository\org\apache\logging\log4j\log4j-core\2.14.0\log4j-core-2.14.0.jar;C:\Users\Vinay\.m2\repository\javax\mail\mail\1.4.7\mail-1.4.7.jar;C:\Users\Vinay\.m2\repository\javax\activation\activation\1.1\activation-1.1.jar;C:\Users\Vinay\.m2\repository\mysql\mysql-connector-java\6.0.5\mysql-connector-java-6.0.5.jar;C:\Users\Vinay\.m2\repository\org\apache\poi\poi\3.6\poi-3.6.jar;C:\Users\Vinay\.m2\repository\commons-logging\commons-logging\1.1\commons-logging-1.1.jar;C:\Users\Vinay\.m2\repository\logkit\logkit\1.0.1\logkit-1.0.1.jar;C:\Users\Vinay\.m2\repository\avalon-framework\avalon-framework\4.1.3\avalon-framework-4.1.3.jar;C:\Users\Vinay\.m2\repository\javax\servlet\servlet-api\2.3\servlet-api-2.3.jar;C:\Users\Vinay\.m2\repository\log4j\log4j\1.2.13\log4j-1.2.13.jar;C:\Users\Vinay\.m2\repository\org\apache\poi\poi-ooxml\3.6\poi-ooxml-3.6.jar;C:\Users\Vinay\.m2\repository\dom4j\dom4j\1.1\dom4j-1.1.jar;C:\Users\Vinay\.m2\repository\org\apache\xmlbeans\xmlbeans\2.3.0\xmlbeans-2.3.0.jar;C:\Users\Vinay\.m2\repository\stax\stax-api\1.0.1\stax-api-1.0.1.jar;C:\Users\Vinay\.m2\repository\org\apache\poi\poi-ooxml-schemas\3.6\poi-ooxml-schemas-3.6.jar;C:\Users\Vinay\.m2\repository\org\apache\geronimo\specs\geronimo-stax-api_1.0_spec\1.0\geronimo-stax-api_1.0_spec-1.0.jar;"/>
    <property name="java.vm.vendor" value="Oracle Corporation"/>
    <property name="sun.arch.data.model" value="64"/>
    <property name="user.variant" value=""/>
    <property name="java.vendor.url" value="http://java.oracle.com/"/>
    <property name="user.timezone" value="America/New_York"/>
    <property name="java.vm.specification.version" value="1.8"/>
    <property name="os.name" value="Windows 10"/>
    <property name="user.country" value="CA"/>
    <property name="sun.java.launcher" value="SUN_STANDARD"/>
    <property name="sun.boot.library.path" value="C:\Program Files\Java\jdk1.8.0_261\jre\bin"/>
    <property name="sun.java.command" value="C:\Users\Vinay\AppData\Local\Temp\surefire8904866253209394437\surefirebooter7535625053989570664.jar C:\Users\Vinay\AppData\Local\Temp\surefire8904866253209394437 2020-12-18T17-49-25_960-jvmRun1 surefire6707879682392161953tmp surefire_03922446032710549162tmp"/>
    <property name="surefire.test.class.path" value="C:\Users\Vinay\eclipse-workspace\FunctionalTestingZeroBank\target\test-classes;C:\Users\Vinay\eclipse-workspace\FunctionalTestingZeroBank\target\classes;C:\Users\Vinay\.m2\repository\org\testng\testng\6.11\testng-6.11.jar;C:\Users\Vinay\.m2\repository\com\beust\jcommander\1.64\jcommander-1.64.jar;C:\Users\Vinay\.m2\repository\org\yaml\snakeyaml\1.17\snakeyaml-1.17.jar;C:\Users\Vinay\.m2\repository\org\seleniumhq\selenium\selenium-java\2.53.1\selenium-java-2.53.1.jar;C:\Users\Vinay\.m2\repository\org\seleniumhq\selenium\selenium-chrome-driver\2.53.1\selenium-chrome-driver-2.53.1.jar;C:\Users\Vinay\.m2\repository\org\seleniumhq\selenium\selenium-remote-driver\2.53.1\selenium-remote-driver-2.53.1.jar;C:\Users\Vinay\.m2\repository\cglib\cglib-nodep\2.1_3\cglib-nodep-2.1_3.jar;C:\Users\Vinay\.m2\repository\com\google\code\gson\gson\2.3.1\gson-2.3.1.jar;C:\Users\Vinay\.m2\repository\org\seleniumhq\selenium\selenium-api\2.53.1\selenium-api-2.53.1.jar;C:\Users\Vinay\.m2\repository\org\apache\httpcomponents\httpclient\4.5.1\httpclient-4.5.1.jar;C:\Users\Vinay\.m2\repository\org\apache\httpcomponents\httpcore\4.4.3\httpcore-4.4.3.jar;C:\Users\Vinay\.m2\repository\org\seleniumhq\selenium\selenium-edge-driver\2.53.1\selenium-edge-driver-2.53.1.jar;C:\Users\Vinay\.m2\repository\commons-io\commons-io\2.4\commons-io-2.4.jar;C:\Users\Vinay\.m2\repository\org\apache\commons\commons-exec\1.3\commons-exec-1.3.jar;C:\Users\Vinay\.m2\repository\org\seleniumhq\selenium\htmlunit-driver\2.21\htmlunit-driver-2.21.jar;C:\Users\Vinay\.m2\repository\net\sourceforge\htmlunit\htmlunit\2.21\htmlunit-2.21.jar;C:\Users\Vinay\.m2\repository\xalan\xalan\2.7.2\xalan-2.7.2.jar;C:\Users\Vinay\.m2\repository\xalan\serializer\2.7.2\serializer-2.7.2.jar;C:\Users\Vinay\.m2\repository\org\apache\commons\commons-lang3\3.4\commons-lang3-3.4.jar;C:\Users\Vinay\.m2\repository\org\apache\httpcomponents\httpmime\4.5.2\httpmime-4.5.2.jar;C:\Users\Vinay\.m2\repository\commons-codec\commons-codec\1.10\commons-codec-1.10.jar;C:\Users\Vinay\.m2\repository\net\sourceforge\htmlunit\htmlunit-core-js\2.17\htmlunit-core-js-2.17.jar;C:\Users\Vinay\.m2\repository\net\sourceforge\htmlunit\neko-htmlunit\2.21\neko-htmlunit-2.21.jar;C:\Users\Vinay\.m2\repository\xerces\xercesImpl\2.11.0\xercesImpl-2.11.0.jar;C:\Users\Vinay\.m2\repository\xml-apis\xml-apis\1.4.01\xml-apis-1.4.01.jar;C:\Users\Vinay\.m2\repository\net\sourceforge\cssparser\cssparser\0.9.18\cssparser-0.9.18.jar;C:\Users\Vinay\.m2\repository\org\w3c\css\sac\1.3\sac-1.3.jar;C:\Users\Vinay\.m2\repository\org\eclipse\jetty\websocket\websocket-client\9.2.15.v20160210\websocket-client-9.2.15.v20160210.jar;C:\Users\Vinay\.m2\repository\org\eclipse\jetty\jetty-util\9.2.15.v20160210\jetty-util-9.2.15.v20160210.jar;C:\Users\Vinay\.m2\repository\org\eclipse\jetty\jetty-io\9.2.15.v20160210\jetty-io-9.2.15.v20160210.jar;C:\Users\Vinay\.m2\repository\org\eclipse\jetty\websocket\websocket-common\9.2.15.v20160210\websocket-common-9.2.15.v20160210.jar;C:\Users\Vinay\.m2\repository\org\eclipse\jetty\websocket\websocket-api\9.2.15.v20160210\websocket-api-9.2.15.v20160210.jar;C:\Users\Vinay\.m2\repository\commons-collections\commons-collections\3.2.2\commons-collections-3.2.2.jar;C:\Users\Vinay\.m2\repository\org\seleniumhq\selenium\selenium-firefox-driver\2.53.1\selenium-firefox-driver-2.53.1.jar;C:\Users\Vinay\.m2\repository\org\seleniumhq\selenium\selenium-ie-driver\2.53.1\selenium-ie-driver-2.53.1.jar;C:\Users\Vinay\.m2\repository\net\java\dev\jna\jna\4.1.0\jna-4.1.0.jar;C:\Users\Vinay\.m2\repository\net\java\dev\jna\jna-platform\4.1.0\jna-platform-4.1.0.jar;C:\Users\Vinay\.m2\repository\org\seleniumhq\selenium\selenium-safari-driver\2.53.1\selenium-safari-driver-2.53.1.jar;C:\Users\Vinay\.m2\repository\io\netty\netty\3.5.7.Final\netty-3.5.7.Final.jar;C:\Users\Vinay\.m2\repository\org\seleniumhq\selenium\selenium-support\2.53.1\selenium-support-2.53.1.jar;C:\Users\Vinay\.m2\repository\org\seleniumhq\selenium\selenium-leg-rc\2.53.1\selenium-leg-rc-2.53.1.jar;C:\Users\Vinay\.m2\repository\com\relevantcodes\extentreports\2.41.2\extentreports-2.41.2.jar;C:\Users\Vinay\.m2\repository\org\jsoup\jsoup\1.8.3\jsoup-1.8.3.jar;C:\Users\Vinay\.m2\repository\org\xerial\sqlite-jdbc\3.8.11.1\sqlite-jdbc-3.8.11.1.jar;C:\Users\Vinay\.m2\repository\org\freemarker\freemarker\2.3.23\freemarker-2.3.23.jar;C:\Users\Vinay\.m2\repository\org\mongodb\mongodb-driver\3.0.4\mongodb-driver-3.0.4.jar;C:\Users\Vinay\.m2\repository\org\mongodb\bson\3.0.4\bson-3.0.4.jar;C:\Users\Vinay\.m2\repository\org\mongodb\mongodb-driver-core\3.0.4\mongodb-driver-core-3.0.4.jar;C:\Users\Vinay\.m2\repository\org\uncommons\reportng\1.1.4\reportng-1.1.4.jar;C:\Users\Vinay\.m2\repository\velocity\velocity\1.4\velocity-1.4.jar;C:\Users\Vinay\.m2\repository\velocity\velocity-dep\1.4\velocity-dep-1.4.jar;C:\Users\Vinay\.m2\repository\com\google\inject\guice\4.1.0\guice-4.1.0.jar;C:\Users\Vinay\.m2\repository\javax\inject\javax.inject\1\javax.inject-1.jar;C:\Users\Vinay\.m2\repository\aopalliance\aopalliance\1.0\aopalliance-1.0.jar;C:\Users\Vinay\.m2\repository\com\google\guava\guava\19.0\guava-19.0.jar;C:\Users\Vinay\.m2\repository\org\apache\logging\log4j\log4j-api\2.14.0\log4j-api-2.14.0.jar;C:\Users\Vinay\.m2\repository\org\apache\logging\log4j\log4j-core\2.14.0\log4j-core-2.14.0.jar;C:\Users\Vinay\.m2\repository\javax\mail\mail\1.4.7\mail-1.4.7.jar;C:\Users\Vinay\.m2\repository\javax\activation\activation\1.1\activation-1.1.jar;C:\Users\Vinay\.m2\repository\mysql\mysql-connector-java\6.0.5\mysql-connector-java-6.0.5.jar;C:\Users\Vinay\.m2\repository\org\apache\poi\poi\3.6\poi-3.6.jar;C:\Users\Vinay\.m2\repository\commons-logging\commons-logging\1.1\commons-logging-1.1.jar;C:\Users\Vinay\.m2\repository\logkit\logkit\1.0.1\logkit-1.0.1.jar;C:\Users\Vinay\.m2\repository\avalon-framework\avalon-framework\4.1.3\avalon-framework-4.1.3.jar;C:\Users\Vinay\.m2\repository\javax\servlet\servlet-api\2.3\servlet-api-2.3.jar;C:\Users\Vinay\.m2\repository\log4j\log4j\1.2.13\log4j-1.2.13.jar;C:\Users\Vinay\.m2\repository\org\apache\poi\poi-ooxml\3.6\poi-ooxml-3.6.jar;C:\Users\Vinay\.m2\repository\dom4j\dom4j\1.1\dom4j-1.1.jar;C:\Users\Vinay\.m2\repository\org\apache\xmlbeans\xmlbeans\2.3.0\xmlbeans-2.3.0.jar;C:\Users\Vinay\.m2\repository\stax\stax-api\1.0.1\stax-api-1.0.1.jar;C:\Users\Vinay\.m2\repository\org\apache\poi\poi-ooxml-schemas\3.6\poi-ooxml-schemas-3.6.jar;C:\Users\Vinay\.m2\repository\org\apache\geronimo\specs\geronimo-stax-api_1.0_spec\1.0\geronimo-stax-api_1.0_spec-1.0.jar;"/>
    <property name="sun.cpu.endian" value="little"/>
    <property name="user.home" value="C:\Users\Vinay"/>
    <property name="user.language" value="en"/>
    <property name="java.specification.vendor" value="Oracle Corporation"/>
    <property name="java.home" value="C:\Program Files\Java\jdk1.8.0_261\jre"/>
    <property name="basedir" value="C:\Users\Vinay\eclipse-workspace\FunctionalTestingZeroBank"/>
    <property name="file.separator" value="\"/>
    <property name="line.separator" value="&#10;"/>
    <property name="java.vm.specification.vendor" value="Oracle Corporation"/>
    <property name="java.specification.name" value="Java Platform API Specification"/>
    <property name="java.awt.graphicsenv" value="sun.awt.Win32GraphicsEnvironment"/>
    <property name="surefire.real.class.path" value="C:\Users\Vinay\AppData\Local\Temp\surefire8904866253209394437\surefirebooter7535625053989570664.jar"/>
    <property name="sun.boot.class.path" value="C:\Program Files\Java\jdk1.8.0_261\jre\lib\resources.jar;C:\Program Files\Java\jdk1.8.0_261\jre\lib\rt.jar;C:\Program Files\Java\jdk1.8.0_261\jre\lib\sunrsasign.jar;C:\Program Files\Java\jdk1.8.0_261\jre\lib\jsse.jar;C:\Program Files\Java\jdk1.8.0_261\jre\lib\jce.jar;C:\Program Files\Java\jdk1.8.0_261\jre\lib\charsets.jar;C:\Program Files\Java\jdk1.8.0_261\jre\lib\jfr.jar;C:\Program Files\Java\jdk1.8.0_261\jre\classes;C:\Program Files (x86)\Micro Focus\Unified Functional Testing\bin\java_shared\classes\jasmine.jar"/>
    <property name="user.script" value=""/>
    <property name="sun.management.compiler" value="HotSpot 64-Bit Tiered Compilers"/>
    <property name="java.runtime.version" value="1.8.0_261-b12"/>
    <property name="user.name" value="Vinay"/>
    <property name="path.separator" value=";"/>
    <property name="os.version" value="10.0"/>
    <property name="java.endorsed.dirs" value="C:\Program Files\Java\jdk1.8.0_261\jre\lib\endorsed"/>
    <property name="java.runtime.name" value="Java(TM) SE Runtime Environment"/>
    <property name="file.encoding" value="Cp1252"/>
    <property name="jnidispatch.path" value="C:\Users\Vinay\AppData\Local\Temp\jna-82659699\jna7664365582111635231.dll"/>
    <property name="java.vm.name" value="Java HotSpot(TM) 64-Bit Server VM"/>
    <property name="localRepository" value="C:\Users\Vinay\.m2\repository"/>
    <property name="java.vendor.url.bug" value="http://bugreport.sun.com/bugreport/"/>
    <property name="java.io.tmpdir" value="C:\Users\Vinay\AppData\Local\Temp\"/>
    <property name="java.version" value="1.8.0_261"/>
    <property name="user.dir" value="C:\Users\Vinay\eclipse-workspace\FunctionalTestingZeroBank"/>
    <property name="os.arch" value="amd64"/>
    <property name="java.vm.specification.name" value="Java Virtual Machine Specification"/>
    <property name="java.awt.printerjob" value="sun.awt.windows.WPrinterJob"/>
    <property name="sun.os.patch.level" value=""/>
    <property name="java.library.path" value="C:\Program Files\Java\jdk1.8.0_261\jre\bin;C:\Windows\Sun\Java\bin;C:\Windows\system32;C:\Windows;C:/Program Files/Java/jre1.8.0_271/bin/server;C:/Program Files/Java/jre1.8.0_271/bin;C:/Program Files/Java/jre1.8.0_271/lib/amd64;C:\Program Files (x86)\Common Files\Oracle\Java\javapath;C:\Python38\Scripts\;C:\Python38\;C:\Windows\system32;C:\Windows;C:\Windows\System32\Wbem;C:\Windows\System32\WindowsPowerShell\v1.0\;C:\Windows\System32\OpenSSH\;C:\Program Files\PuTTY\;C:\Program Files\Microsoft SQL Server\Client SDK\ODBC\110\Tools\Binn\;C:\Program Files (x86)\Microsoft SQL Server\120\Tools\Binn\;C:\Program Files\Microsoft SQL Server\120\Tools\Binn\;C:\Program Files\Microsoft SQL Server\120\DTS\Binn\;C:\Program Files (x86)\Microsoft SQL Server\120\Tools\Binn\ManagementStudio\;C:\Program Files (x86)\Microsoft SQL Server\120\DTS\Binn\;C:\Program Files (x86)\Micro Focus\Unified Functional Testing\bin;C:\Program Files\nodejs\;C:\ProgramData\chocolatey\bin;C:\Python38;C:\Python38\Scripts;C:\Users\Vinay\AppData\Local\Android\Sdk\tools\bin;C:\Users\Vinay\AppData\Local\Android\Sdk\tools;C:\Users\Vinay\AppData\Local\Android\Sdk\platform-tools;C:\Program Files\Java\jdk1.8.0_261\bin;C:\Program Files\Git\cmd;C:\Users\Vinay\AppData\Local\Microsoft\WindowsApps;C:\Users\Vinay\AppData\Roaming\npm;C:\Users\Vinay\AppData\Local\Programs\Microsoft VS Code\bin;C:\Users\Vinay\Downloads\eclipse-java-2019-06-R-win32-x86_64\eclipse;;C:\Program Files (x86)\Micro Focus\Unified Functional Testing\\bin64;."/>
    <property name="java.vm.info" value="mixed mode"/>
    <property name="java.vendor" value="Oracle Corporation"/>
    <property name="java.vm.version" value="25.261-b12"/>
    <property name="java.ext.dirs" value="C:\Program Files\Java\jdk1.8.0_261\jre\lib\ext;C:\Windows\Sun\Java\lib\ext"/>
    <property name="sun.io.unicode.encoding" value="UnicodeLittle"/>
    <property name="java.class.version" value="52.0"/>
  </properties>
  <testcase name="verifyLogin" classname="testcases.TC001_LoginVerify" time="1.148">
    <failure message="expected [Zero - Account Summary] but found [Zero - Log in]" type="java.lang.AssertionError"><![CDATA[java.lang.AssertionError: expected [Zero - Account Summary] but found [Zero - Log in]
	at testcases.TC001_LoginVerify.verifyLogin(TC001_LoginVerify.java:41)
]]></failure>
    <system-err><![CDATA[Starting ChromeDriver 86.0.4240.22 (398b0743353ff36fb1b82468f63a3a93b4e2e89e-refs/branch-heads/4240@{#378}) on port 4660
Only local connections are allowed.
Please see https://chromedriver.chromium.org/security-considerations for suggestions on keeping ChromeDriver safe.
ChromeDriver was started successfully.
[1608331768.972][WARNING]: This version of ChromeDriver has not been tested with Chrome version 87.
]]></system-err>
  </testcase>
  <testcase name="verifyAddpayee" classname="testcases.TC003_AddpayeeVerify" time="1.519"/>
  <testcase name="verifyfundstransfer" classname="testcases.TC002_FundstransferVerify" time="1.034"/>
</testsuite>