<?xml version="1.0" encoding="UTF-8"?>
<!-- Generated by org.testng.reporters.JUnitReportReporter -->
<testsuite skipped="0" hostname="DESKTOP-4G1LLGF" name="testcases.TC003_AddpayeeVerify" tests="1" failures="0" timestamp="18 Dec 2020 01:08:46 GMT" time="2.265" errors="0">
  <testcase name="verifyAddpayee" time="2.265" classname="testcases.TC003_AddpayeeVerify"/>
</testsuite> <!-- testcases.TC003_AddpayeeVerify -->
