<?xml version="1.0" encoding="UTF-8"?>
<!-- Generated by org.testng.reporters.JUnitReportReporter -->
<testsuite skipped="0" hostname="DESKTOP-4G1LLGF" name="rough.readingexcel" tests="1" failures="0" timestamp="18 Dec 2020 21:43:14 GMT" time="2.322" errors="0">
  <testcase name="verifyLogin1" time="2.322" classname="rough.readingexcel"/>
</testsuite> <!-- rough.readingexcel -->
