<?xml version="1.0" encoding="UTF-8"?>
<!-- Generated by org.testng.reporters.JUnitReportReporter -->
<testsuite skipped="0" hostname="DESKTOP-4G1LLGF" name="rough.testinglogs" tests="1" failures="0" timestamp="17 Dec 2020 20:35:39 GMT" time="7.869" errors="0">
  <testcase name="verifyTitle" time="7.869" classname="rough.testinglogs"/>
</testsuite> <!-- rough.testinglogs -->
