<?xml version="1.0" encoding="UTF-8"?>
<!-- Generated by org.testng.reporters.JUnitReportReporter -->
<testsuite skipped="0" hostname="DESKTOP-4G1LLGF" name="testcases.TC002_FundstransferVerify" tests="1" failures="0" timestamp="18 Dec 2020 21:13:52 GMT" time="1.009" errors="0">
  <testcase name="verifyfundstransfer" time="1.009" classname="testcases.TC002_FundstransferVerify"/>
</testsuite> <!-- testcases.TC002_FundstransferVerify -->
