<?xml version="1.0" encoding="UTF-8"?>
<!-- Generated by org.testng.reporters.JUnitReportReporter -->
<testsuite skipped="0" hostname="DESKTOP-4G1LLGF" name="testcases.TC003_AddpayeeVerify" tests="1" failures="0" timestamp="18 Dec 2020 22:36:27 GMT" time="1.547" errors="0">
  <testcase name="verifyAddpayee" time="1.547" classname="testcases.TC003_AddpayeeVerify"/>
</testsuite> <!-- testcases.TC003_AddpayeeVerify -->
